{"E:\\ActiveProjects\\_PortWebRepo\\PortfolioWebsite\\src\\App.jsx": {"path":"E:\\ActiveProjects\\_PortWebRepo\\PortfolioWebsite\\src\\App.jsx","statementMap":{"0":{"start":{"line":16,"column":2},"end":{"line":32,"column":null}}},"fnMap":{"0":{"name":"App","decl":{"start":{"line":13,"column":9},"end":{"line":13,"column":15}},"loc":{"start":{"line":13,"column":15},"end":{"line":34,"column":null}},"line":13}},"branchMap":{},"s":{"0":0},"f":{"0":0},"b":{},"meta":{"lastBranch":0,"lastFunction":1,"lastStatement":1,"seen":{"f:13:9:13:15":0,"s:16:2:32:Infinity":0}}}
,"E:\\ActiveProjects\\_PortWebRepo\\PortfolioWebsite\\src\\main.jsx": {"path":"E:\\ActiveProjects\\_PortWebRepo\\PortfolioWebsite\\src\\main.jsx","statementMap":{"0":{"start":{"line":7,"column":0},"end":{"line":13,"column":null}}},"fnMap":{},"branchMap":{},"s":{"0":0},"f":{},"b":{},"meta":{"lastBranch":0,"lastFunction":0,"lastStatement":1,"seen":{"s:7:0:13:Infinity":0}}}
,"E:\\ActiveProjects\\_PortWebRepo\\PortfolioWebsite\\src\\components\\DefaultLoadingSpinner.jsx": {"path":"E:\\ActiveProjects\\_PortWebRepo\\PortfolioWebsite\\src\\components\\DefaultLoadingSpinner.jsx","statementMap":{"0":{"start":{"line":4,"column":2},"end":{"line":7,"column":null}}},"fnMap":{"0":{"name":"DefaultLoadingSpinner","decl":{"start":{"line":3,"column":9},"end":{"line":3,"column":33}},"loc":{"start":{"line":3,"column":33},"end":{"line":9,"column":null}},"line":3}},"branchMap":{},"s":{"0":12},"f":{"0":12},"b":{},"meta":{"lastBranch":0,"lastFunction":1,"lastStatement":1,"seen":{"f:3:9:3:33":0,"s:4:2:7:Infinity":0}}}
,"E:\\ActiveProjects\\_PortWebRepo\\PortfolioWebsite\\src\\components\\NavBar.jsx": {"path":"E:\\ActiveProjects\\_PortWebRepo\\PortfolioWebsite\\src\\components\\NavBar.jsx","statementMap":{"0":{"start":{"line":5,"column":4},"end":{"line":15,"column":null}}},"fnMap":{"0":{"name":"NavBar","decl":{"start":{"line":4,"column":9},"end":{"line":4,"column":18}},"loc":{"start":{"line":4,"column":18},"end":{"line":17,"column":null}},"line":4}},"branchMap":{},"s":{"0":0},"f":{"0":0},"b":{},"meta":{"lastBranch":0,"lastFunction":1,"lastStatement":1,"seen":{"f:4:9:4:18":0,"s:5:4:15:Infinity":0}}}
,"E:\\ActiveProjects\\_PortWebRepo\\PortfolioWebsite\\src\\components\\PageLoader.jsx": {"path":"E:\\ActiveProjects\\_PortWebRepo\\PortfolioWebsite\\src\\components\\PageLoader.jsx","statementMap":{"0":{"start":{"line":13,"column":46},"end":{"line":13,"column":null}},"1":{"start":{"line":14,"column":25},"end":{"line":14,"column":null}},"2":{"start":{"line":15,"column":34},"end":{"line":15,"column":null}},"3":{"start":{"line":18,"column":20},"end":{"line":18,"column":null}},"4":{"start":{"line":21,"column":8},"end":{"line":29,"column":null}},"5":{"start":{"line":23,"column":4},"end":{"line":28,"column":null}},"6":{"start":{"line":24,"column":19},"end":{"line":24,"column":null}},"7":{"start":{"line":25,"column":6},"end":{"line":25,"column":null}},"8":{"start":{"line":26,"column":6},"end":{"line":26,"column":null}},"9":{"start":{"line":32,"column":8},"end":{"line":40,"column":null}},"10":{"start":{"line":34,"column":4},"end":{"line":39,"column":null}},"11":{"start":{"line":35,"column":19},"end":{"line":35,"column":null}},"12":{"start":{"line":36,"column":6},"end":{"line":36,"column":null}},"13":{"start":{"line":37,"column":6},"end":{"line":37,"column":null}},"14":{"start":{"line":43,"column":2},"end":{"line":57,"column":null}},"15":{"start":{"line":44,"column":4},"end":{"line":56,"column":null}},"16":{"start":{"line":46,"column":26},"end":{"line":46,"column":null}},"17":{"start":{"line":47,"column":28},"end":{"line":47,"column":null}},"18":{"start":{"line":50,"column":20},"end":{"line":53,"column":null}},"19":{"start":{"line":51,"column":8},"end":{"line":51,"column":null}},"20":{"start":{"line":55,"column":6},"end":{"line":55,"column":null}},"21":{"start":{"line":55,"column":19},"end":{"line":55,"column":null}},"22":{"start":{"line":59,"column":8},"end":{"line":63,"column":null}},"23":{"start":{"line":59,"column":38},"end":{"line":63,"column":6}},"24":{"start":{"line":66,"column":2},"end":{"line":69,"column":null}}},"fnMap":{"0":{"name":"PageLoader","decl":{"start":{"line":5,"column":9},"end":{"line":5,"column":20}},"loc":{"start":{"line":9,"column":3},"end":{"line":71,"column":null}},"line":9},"1":{"name":"(anonymous_1)","decl":{"start":{"line":21,"column":39},"end":{"line":21,"column":40}},"loc":{"start":{"line":21,"column":47},"end":{"line":29,"column":5}},"line":21},"2":{"name":"(anonymous_2)","decl":{"start":{"line":23,"column":24},"end":{"line":23,"column":32}},"loc":{"start":{"line":23,"column":32},"end":{"line":28,"column":5}},"line":23},"3":{"name":"(anonymous_3)","decl":{"start":{"line":32,"column":43},"end":{"line":32,"column":44}},"loc":{"start":{"line":32,"column":51},"end":{"line":40,"column":5}},"line":32},"4":{"name":"(anonymous_4)","decl":{"start":{"line":34,"column":24},"end":{"line":34,"column":32}},"loc":{"start":{"line":34,"column":32},"end":{"line":39,"column":5}},"line":34},"5":{"name":"(anonymous_5)","decl":{"start":{"line":43,"column":12},"end":{"line":43,"column":18}},"loc":{"start":{"line":43,"column":18},"end":{"line":57,"column":5}},"line":43},"6":{"name":"(anonymous_6)","decl":{"start":{"line":50,"column":31},"end":{"line":50,"column":37}},"loc":{"start":{"line":50,"column":37},"end":{"line":53,"column":9}},"line":50},"7":{"name":"(anonymous_7)","decl":{"start":{"line":55,"column":13},"end":{"line":55,"column":19}},"loc":{"start":{"line":55,"column":19},"end":{"line":55,"column":null}},"line":55},"8":{"name":"(anonymous_8)","decl":{"start":{"line":59,"column":31},"end":{"line":59,"column":38}},"loc":{"start":{"line":59,"column":38},"end":{"line":63,"column":6}},"line":59}},"branchMap":{"0":{"loc":{"start":{"line":7,"column":2},"end":{"line":7,"column":null}},"type":"default-arg","locations":[{"start":{"line":7,"column":21},"end":{"line":7,"column":null}}],"line":7},"1":{"loc":{"start":{"line":8,"column":2},"end":{"line":8,"column":null}},"type":"default-arg","locations":[{"start":{"line":8,"column":19},"end":{"line":8,"column":null}}],"line":8},"2":{"loc":{"start":{"line":44,"column":4},"end":{"line":56,"column":null}},"type":"if","locations":[{"start":{"line":44,"column":4},"end":{"line":56,"column":null}},{"start":{},"end":{}}],"line":44},"3":{"loc":{"start":{"line":44,"column":8},"end":{"line":44,"column":35}},"type":"binary-expr","locations":[{"start":{"line":44,"column":8},"end":{"line":44,"column":22}},{"start":{"line":44,"column":22},"end":{"line":44,"column":35}}],"line":44},"4":{"loc":{"start":{"line":68,"column":7},"end":{"line":68,"column":null}},"type":"cond-expr","locations":[{"start":{"line":68,"column":20},"end":{"line":68,"column":31}},{"start":{"line":68,"column":31},"end":{"line":68,"column":null}}],"line":68}},"s":{"0":43,"1":43,"2":43,"3":43,"4":43,"5":90,"6":75,"7":75,"8":75,"9":43,"10":122,"11":58,"12":58,"13":58,"14":43,"15":36,"16":12,"17":12,"18":12,"19":12,"20":12,"21":12,"22":43,"23":24,"24":43},"f":{"0":43,"1":90,"2":75,"3":122,"4":58,"5":36,"6":12,"7":12,"8":24},"b":{"0":[43],"1":[43],"2":[12,24],"3":[36,24],"4":[31,12]},"meta":{"lastBranch":5,"lastFunction":9,"lastStatement":25,"seen":{"f:5:9:5:20":0,"b:7:21:7:Infinity":0,"b:8:19:8:Infinity":1,"s:13:46:13:Infinity":0,"s:14:25:14:Infinity":1,"s:15:34:15:Infinity":2,"s:18:20:18:Infinity":3,"s:21:8:29:Infinity":4,"f:21:39:21:40":1,"s:23:4:28:Infinity":5,"f:23:24:23:32":2,"s:24:19:24:Infinity":6,"s:25:6:25:Infinity":7,"s:26:6:26:Infinity":8,"s:32:8:40:Infinity":9,"f:32:43:32:44":3,"s:34:4:39:Infinity":10,"f:34:24:34:32":4,"s:35:19:35:Infinity":11,"s:36:6:36:Infinity":12,"s:37:6:37:Infinity":13,"s:43:2:57:Infinity":14,"f:43:12:43:18":5,"b:44:4:56:Infinity:undefined:undefined:undefined:undefined":2,"s:44:4:56:Infinity":15,"b:44:8:44:22:44:22:44:35":3,"s:46:26:46:Infinity":16,"s:47:28:47:Infinity":17,"s:50:20:53:Infinity":18,"f:50:31:50:37":6,"s:51:8:51:Infinity":19,"s:55:6:55:Infinity":20,"f:55:13:55:19":7,"s:55:19:55:Infinity":21,"s:59:8:63:Infinity":22,"f:59:31:59:38":8,"s:59:38:63:6":23,"s:66:2:69:Infinity":24,"b:68:20:68:31:68:31:68:Infinity":4}}}
,"E:\\ActiveProjects\\_PortWebRepo\\PortfolioWebsite\\src\\components\\TextFileRenderer.jsx": {"path":"E:\\ActiveProjects\\_PortWebRepo\\PortfolioWebsite\\src\\components\\TextFileRenderer.jsx","statementMap":{"0":{"start":{"line":4,"column":22},"end":{"line":15,"column":null}},"1":{"start":{"line":7,"column":14},"end":{"line":7,"column":null}},"2":{"start":{"line":10,"column":2},"end":{"line":12,"column":null}},"3":{"start":{"line":11,"column":4},"end":{"line":11,"column":null}},"4":{"start":{"line":14,"column":2},"end":{"line":14,"column":null}},"5":{"start":{"line":18,"column":22},"end":{"line":18,"column":null}},"6":{"start":{"line":20,"column":2},"end":{"line":22,"column":null}},"7":{"start":{"line":21,"column":4},"end":{"line":21,"column":null}},"8":{"start":{"line":24,"column":2},"end":{"line":27,"column":null}}},"fnMap":{"0":{"name":"(anonymous_0)","decl":{"start":{"line":4,"column":22},"end":{"line":4,"column":29}},"loc":{"start":{"line":4,"column":42},"end":{"line":15,"column":null}},"line":4},"1":{"name":"TextFileRenderer","decl":{"start":{"line":17,"column":9},"end":{"line":17,"column":26}},"loc":{"start":{"line":17,"column":40},"end":{"line":29,"column":null}},"line":17},"2":{"name":"(anonymous_2)","decl":{"start":{"line":20,"column":12},"end":{"line":20,"column":18}},"loc":{"start":{"line":20,"column":18},"end":{"line":22,"column":5}},"line":20}},"branchMap":{"0":{"loc":{"start":{"line":10,"column":2},"end":{"line":12,"column":null}},"type":"if","locations":[{"start":{"line":10,"column":2},"end":{"line":12,"column":null}},{"start":{},"end":{}}],"line":10}},"s":{"0":0,"1":0,"2":0,"3":0,"4":0,"5":0,"6":0,"7":0,"8":0},"f":{"0":0,"1":0,"2":0},"b":{"0":[0,0]},"meta":{"lastBranch":1,"lastFunction":3,"lastStatement":9,"seen":{"s:4:22:15:Infinity":0,"f:4:22:4:29":0,"s:7:14:7:Infinity":1,"b:10:2:12:Infinity:undefined:undefined:undefined:undefined":0,"s:10:2:12:Infinity":2,"s:11:4:11:Infinity":3,"s:14:2:14:Infinity":4,"f:17:9:17:26":1,"s:18:22:18:Infinity":5,"s:20:2:22:Infinity":6,"f:20:12:20:18":2,"s:21:4:21:Infinity":7,"s:24:2:27:Infinity":8}}}
,"E:\\ActiveProjects\\_PortWebRepo\\PortfolioWebsite\\src\\components\\WebLink.jsx": {"path":"E:\\ActiveProjects\\_PortWebRepo\\PortfolioWebsite\\src\\components\\WebLink.jsx","statementMap":{"0":{"start":{"line":5,"column":4},"end":{"line":7,"column":null}},"1":{"start":{"line":6,"column":8},"end":{"line":6,"column":null}},"2":{"start":{"line":9,"column":20},"end":{"line":9,"column":null}},"3":{"start":{"line":10,"column":19},"end":{"line":10,"column":null}},"4":{"start":{"line":12,"column":4},"end":{"line":14,"column":null}},"5":{"start":{"line":13,"column":8},"end":{"line":13,"column":null}},"6":{"start":{"line":18,"column":4},"end":{"line":20,"column":null}},"7":{"start":{"line":24,"column":4},"end":{"line":39,"column":null}},"8":{"start":{"line":26,"column":8},"end":{"line":37,"column":null}},"9":{"start":{"line":41,"column":4},"end":{"line":53,"column":null}},"10":{"start":{"line":43,"column":8},"end":{"line":51,"column":null}},"11":{"start":{"line":56,"column":4},"end":{"line":56,"column":null}},"12":{"start":{"line":60,"column":4},"end":{"line":60,"column":null}},"13":{"start":{"line":62,"column":20},"end":{"line":62,"column":null}},"14":{"start":{"line":63,"column":23},"end":{"line":63,"column":null}},"15":{"start":{"line":65,"column":4},"end":{"line":76,"column":null}},"16":{"start":{"line":66,"column":8},"end":{"line":74,"column":null}},"17":{"start":{"line":78,"column":4},"end":{"line":81,"column":null}}},"fnMap":{"0":{"name":"validateProps","decl":{"start":{"line":4,"column":9},"end":{"line":4,"column":23}},"loc":{"start":{"line":4,"column":40},"end":{"line":15,"column":null}},"line":4},"1":{"name":"isExternalLink","decl":{"start":{"line":17,"column":9},"end":{"line":17,"column":24}},"loc":{"start":{"line":17,"column":30},"end":{"line":21,"column":null}},"line":17},"2":{"name":"renderContent","decl":{"start":{"line":23,"column":9},"end":{"line":23,"column":23}},"loc":{"start":{"line":23,"column":69},"end":{"line":57,"column":null}},"line":23},"3":{"name":"WebLink","decl":{"start":{"line":59,"column":9},"end":{"line":59,"column":17}},"loc":{"start":{"line":59,"column":91},"end":{"line":83,"column":null}},"line":59}},"branchMap":{"0":{"loc":{"start":{"line":5,"column":4},"end":{"line":7,"column":null}},"type":"if","locations":[{"start":{"line":5,"column":4},"end":{"line":7,"column":null}},{"start":{},"end":{}}],"line":5},"1":{"loc":{"start":{"line":5,"column":8},"end":{"line":5,"column":30}},"type":"binary-expr","locations":[{"start":{"line":5,"column":8},"end":{"line":5,"column":17}},{"start":{"line":5,"column":17},"end":{"line":5,"column":30}}],"line":5},"2":{"loc":{"start":{"line":9,"column":20},"end":{"line":9,"column":null}},"type":"binary-expr","locations":[{"start":{"line":9,"column":20},"end":{"line":9,"column":28}},{"start":{"line":9,"column":28},"end":{"line":9,"column":null}}],"line":9},"3":{"loc":{"start":{"line":10,"column":19},"end":{"line":10,"column":null}},"type":"binary-expr","locations":[{"start":{"line":10,"column":19},"end":{"line":10,"column":26}},{"start":{"line":10,"column":26},"end":{"line":10,"column":null}}],"line":10},"4":{"loc":{"start":{"line":12,"column":4},"end":{"line":14,"column":null}},"type":"if","locations":[{"start":{"line":12,"column":4},"end":{"line":14,"column":null}},{"start":{},"end":{}}],"line":12},"5":{"loc":{"start":{"line":12,"column":8},"end":{"line":12,"column":29}},"type":"binary-expr","locations":[{"start":{"line":12,"column":8},"end":{"line":12,"column":20}},{"start":{"line":12,"column":20},"end":{"line":12,"column":29}}],"line":12},"6":{"loc":{"start":{"line":18,"column":11},"end":{"line":20,"column":null}},"type":"binary-expr","locations":[{"start":{"line":18,"column":11},"end":{"line":18,"column":null}},{"start":{"line":19,"column":11},"end":{"line":19,"column":null}},{"start":{"line":20,"column":11},"end":{"line":20,"column":null}}],"line":18},"7":{"loc":{"start":{"line":24,"column":4},"end":{"line":39,"column":null}},"type":"if","locations":[{"start":{"line":24,"column":4},"end":{"line":39,"column":null}},{"start":{},"end":{}}],"line":24},"8":{"loc":{"start":{"line":24,"column":8},"end":{"line":24,"column":21}},"type":"binary-expr","locations":[{"start":{"line":24,"column":8},"end":{"line":24,"column":15}},{"start":{"line":24,"column":15},"end":{"line":24,"column":21}}],"line":24},"9":{"loc":{"start":{"line":41,"column":4},"end":{"line":53,"column":null}},"type":"if","locations":[{"start":{"line":41,"column":4},"end":{"line":53,"column":null}},{"start":{},"end":{}}],"line":41},"10":{"loc":{"start":{"line":59,"column":36},"end":{"line":59,"column":53}},"type":"default-arg","locations":[{"start":{"line":59,"column":48},"end":{"line":59,"column":53}}],"line":59},"11":{"loc":{"start":{"line":59,"column":53},"end":{"line":59,"column":68}},"type":"default-arg","locations":[{"start":{"line":59,"column":64},"end":{"line":59,"column":68}}],"line":59},"12":{"loc":{"start":{"line":59,"column":68},"end":{"line":59,"column":88}},"type":"default-arg","locations":[{"start":{"line":59,"column":83},"end":{"line":59,"column":88}}],"line":59},"13":{"loc":{"start":{"line":65,"column":4},"end":{"line":76,"column":null}},"type":"if","locations":[{"start":{"line":65,"column":4},"end":{"line":76,"column":null}},{"start":{},"end":{}}],"line":65}},"s":{"0":0,"1":0,"2":0,"3":0,"4":0,"5":0,"6":0,"7":0,"8":0,"9":0,"10":0,"11":0,"12":0,"13":0,"14":0,"15":0,"16":0,"17":0},"f":{"0":0,"1":0,"2":0,"3":0},"b":{"0":[0,0],"1":[0,0],"2":[0,0],"3":[0,0],"4":[0,0],"5":[0,0],"6":[0,0,0],"7":[0,0],"8":[0,0],"9":[0,0],"10":[0],"11":[0],"12":[0],"13":[0,0]},"meta":{"lastBranch":14,"lastFunction":4,"lastStatement":18,"seen":{"f:4:9:4:23":0,"b:5:4:7:Infinity:undefined:undefined:undefined:undefined":0,"s:5:4:7:Infinity":0,"b:5:8:5:17:5:17:5:30":1,"s:6:8:6:Infinity":1,"s:9:20:9:Infinity":2,"b:9:20:9:28:9:28:9:Infinity":2,"s:10:19:10:Infinity":3,"b:10:19:10:26:10:26:10:Infinity":3,"b:12:4:14:Infinity:undefined:undefined:undefined:undefined":4,"s:12:4:14:Infinity":4,"b:12:8:12:20:12:20:12:29":5,"s:13:8:13:Infinity":5,"f:17:9:17:24":1,"s:18:4:20:Infinity":6,"b:18:11:18:Infinity:19:11:19:Infinity:20:11:20:Infinity":6,"f:23:9:23:23":2,"b:24:4:39:Infinity:undefined:undefined:undefined:undefined":7,"s:24:4:39:Infinity":7,"b:24:8:24:15:24:15:24:21":8,"s:26:8:37:Infinity":8,"b:41:4:53:Infinity:undefined:undefined:undefined:undefined":9,"s:41:4:53:Infinity":9,"s:43:8:51:Infinity":10,"s:56:4:56:Infinity":11,"f:59:9:59:17":3,"b:59:48:59:53":10,"b:59:64:59:68":11,"b:59:83:59:88":12,"s:60:4:60:Infinity":12,"s:62:20:62:Infinity":13,"s:63:23:63:Infinity":14,"b:65:4:76:Infinity:undefined:undefined:undefined:undefined":13,"s:65:4:76:Infinity":15,"s:66:8:74:Infinity":16,"s:78:4:81:Infinity":17}}}
,"E:\\ActiveProjects\\_PortWebRepo\\PortfolioWebsite\\src\\components\\WebPageImage.jsx": {"path":"E:\\ActiveProjects\\_PortWebRepo\\PortfolioWebsite\\src\\components\\WebPageImage.jsx","statementMap":{"0":{"start":{"line":4,"column":21},"end":{"line":4,"column":null}},"1":{"start":{"line":7,"column":10},"end":{"line":7,"column":null}},"2":{"start":{"line":9,"column":10},"end":{"line":9,"column":null}},"3":{"start":{"line":10,"column":4},"end":{"line":12,"column":null}},"4":{"start":{"line":11,"column":8},"end":{"line":11,"column":null}},"5":{"start":{"line":13,"column":10},"end":{"line":13,"column":null}},"6":{"start":{"line":15,"column":4},"end":{"line":28,"column":null}},"7":{"start":{"line":17,"column":8},"end":{"line":19,"column":null}},"8":{"start":{"line":18,"column":12},"end":{"line":18,"column":null}},"9":{"start":{"line":21,"column":8},"end":{"line":27,"column":null}},"10":{"start":{"line":24,"column":12},"end":{"line":26,"column":null}},"11":{"start":{"line":25,"column":16},"end":{"line":25,"column":null}},"12":{"start":{"line":30,"column":23},"end":{"line":35,"column":null}},"13":{"start":{"line":31,"column":8},"end":{"line":31,"column":null}},"14":{"start":{"line":32,"column":8},"end":{"line":34,"column":null}},"15":{"start":{"line":33,"column":12},"end":{"line":33,"column":null}},"16":{"start":{"line":37,"column":24},"end":{"line":43,"column":null}},"17":{"start":{"line":38,"column":8},"end":{"line":38,"column":null}},"18":{"start":{"line":40,"column":8},"end":{"line":42,"column":null}},"19":{"start":{"line":41,"column":12},"end":{"line":41,"column":null}},"20":{"start":{"line":45,"column":23},"end":{"line":47,"column":null}},"21":{"start":{"line":49,"column":4},"end":{"line":57,"column":null}}},"fnMap":{"0":{"name":"WebPageImage","decl":{"start":{"line":6,"column":9},"end":{"line":6,"column":22}},"loc":{"start":{"line":6,"column":102},"end":{"line":59,"column":null}},"line":6},"1":{"name":"(anonymous_1)","decl":{"start":{"line":15,"column":14},"end":{"line":15,"column":20}},"loc":{"start":{"line":15,"column":20},"end":{"line":28,"column":7}},"line":15},"2":{"name":"(anonymous_2)","decl":{"start":{"line":21,"column":15},"end":{"line":21,"column":21}},"loc":{"start":{"line":21,"column":21},"end":{"line":27,"column":null}},"line":21},"3":{"name":"(anonymous_3)","decl":{"start":{"line":30,"column":23},"end":{"line":30,"column":29}},"loc":{"start":{"line":30,"column":29},"end":{"line":35,"column":null}},"line":30},"4":{"name":"(anonymous_4)","decl":{"start":{"line":37,"column":24},"end":{"line":37,"column":30}},"loc":{"start":{"line":37,"column":30},"end":{"line":43,"column":null}},"line":37}},"branchMap":{"0":{"loc":{"start":{"line":6,"column":34},"end":{"line":6,"column":46}},"type":"default-arg","locations":[{"start":{"line":6,"column":41},"end":{"line":6,"column":46}}],"line":6},"1":{"loc":{"start":{"line":6,"column":46},"end":{"line":6,"column":60}},"type":"default-arg","locations":[{"start":{"line":6,"column":56},"end":{"line":6,"column":60}}],"line":6},"2":{"loc":{"start":{"line":6,"column":60},"end":{"line":6,"column":81}},"type":"default-arg","locations":[{"start":{"line":6,"column":75},"end":{"line":6,"column":81}}],"line":6},"3":{"loc":{"start":{"line":6,"column":81},"end":{"line":6,"column":99}},"type":"default-arg","locations":[{"start":{"line":6,"column":93},"end":{"line":6,"column":99}}],"line":6},"4":{"loc":{"start":{"line":10,"column":4},"end":{"line":12,"column":null}},"type":"if","locations":[{"start":{"line":10,"column":4},"end":{"line":12,"column":null}},{"start":{},"end":{}}],"line":10},"5":{"loc":{"start":{"line":17,"column":8},"end":{"line":19,"column":null}},"type":"if","locations":[{"start":{"line":17,"column":8},"end":{"line":19,"column":null}},{"start":{},"end":{}}],"line":17},"6":{"loc":{"start":{"line":17,"column":12},"end":{"line":17,"column":37}},"type":"binary-expr","locations":[{"start":{"line":17,"column":12},"end":{"line":17,"column":28}},{"start":{"line":17,"column":28},"end":{"line":17,"column":37}}],"line":17},"7":{"loc":{"start":{"line":24,"column":12},"end":{"line":26,"column":null}},"type":"if","locations":[{"start":{"line":24,"column":12},"end":{"line":26,"column":null}},{"start":{},"end":{}}],"line":24},"8":{"loc":{"start":{"line":24,"column":16},"end":{"line":24,"column":68}},"type":"binary-expr","locations":[{"start":{"line":24,"column":16},"end":{"line":24,"column":32}},{"start":{"line":24,"column":32},"end":{"line":24,"column":43}},{"start":{"line":24,"column":43},"end":{"line":24,"column":68}}],"line":24},"9":{"loc":{"start":{"line":32,"column":8},"end":{"line":34,"column":null}},"type":"if","locations":[{"start":{"line":32,"column":8},"end":{"line":34,"column":null}},{"start":{},"end":{}}],"line":32},"10":{"loc":{"start":{"line":32,"column":12},"end":{"line":32,"column":37}},"type":"binary-expr","locations":[{"start":{"line":32,"column":12},"end":{"line":32,"column":28}},{"start":{"line":32,"column":28},"end":{"line":32,"column":37}}],"line":32},"11":{"loc":{"start":{"line":40,"column":8},"end":{"line":42,"column":null}},"type":"if","locations":[{"start":{"line":40,"column":8},"end":{"line":42,"column":null}},{"start":{},"end":{}}],"line":40},"12":{"loc":{"start":{"line":40,"column":12},"end":{"line":40,"column":37}},"type":"binary-expr","locations":[{"start":{"line":40,"column":12},"end":{"line":40,"column":28}},{"start":{"line":40,"column":28},"end":{"line":40,"column":37}}],"line":40},"13":{"loc":{"start":{"line":45,"column":23},"end":{"line":47,"column":null}},"type":"cond-expr","locations":[{"start":{"line":46,"column":10},"end":{"line":46,"column":null}},{"start":{"line":47,"column":10},"end":{"line":47,"column":null}}],"line":45}},"s":{"0":1,"1":34,"2":34,"3":34,"4":17,"5":34,"6":34,"7":34,"8":34,"9":34,"10":34,"11":34,"12":34,"13":0,"14":0,"15":0,"16":34,"17":0,"18":0,"19":0,"20":34,"21":34},"f":{"0":34,"1":34,"2":34,"3":0,"4":0},"b":{"0":[34],"1":[34],"2":[34],"3":[34],"4":[17,17],"5":[34,0],"6":[34,34],"7":[34,0],"8":[34,34,34],"9":[0,0],"10":[0,0],"11":[0,0],"12":[0,0],"13":[0,34]},"meta":{"lastBranch":14,"lastFunction":5,"lastStatement":22,"seen":{"s:4:21:4:Infinity":0,"f:6:9:6:22":0,"b:6:41:6:46":0,"b:6:56:6:60":1,"b:6:75:6:81":2,"b:6:93:6:99":3,"s:7:10:7:Infinity":1,"s:9:10:9:Infinity":2,"b:10:4:12:Infinity:undefined:undefined:undefined:undefined":4,"s:10:4:12:Infinity":3,"s:11:8:11:Infinity":4,"s:13:10:13:Infinity":5,"s:15:4:28:Infinity":6,"f:15:14:15:20":1,"b:17:8:19:Infinity:undefined:undefined:undefined:undefined":5,"s:17:8:19:Infinity":7,"b:17:12:17:28:17:28:17:37":6,"s:18:12:18:Infinity":8,"s:21:8:27:Infinity":9,"f:21:15:21:21":2,"b:24:12:26:Infinity:undefined:undefined:undefined:undefined":7,"s:24:12:26:Infinity":10,"b:24:16:24:32:24:32:24:43:24:43:24:68":8,"s:25:16:25:Infinity":11,"s:30:23:35:Infinity":12,"f:30:23:30:29":3,"s:31:8:31:Infinity":13,"b:32:8:34:Infinity:undefined:undefined:undefined:undefined":9,"s:32:8:34:Infinity":14,"b:32:12:32:28:32:28:32:37":10,"s:33:12:33:Infinity":15,"s:37:24:43:Infinity":16,"f:37:24:37:30":4,"s:38:8:38:Infinity":17,"b:40:8:42:Infinity:undefined:undefined:undefined:undefined":11,"s:40:8:42:Infinity":18,"b:40:12:40:28:40:28:40:37":12,"s:41:12:41:Infinity":19,"s:45:23:47:Infinity":20,"b:46:10:46:Infinity:47:10:47:Infinity":13,"s:49:4:57:Infinity":21}}}
,"E:\\ActiveProjects\\_PortWebRepo\\PortfolioWebsite\\src\\components\\XMLFileRenderer.jsx": {"path":"E:\\ActiveProjects\\_PortWebRepo\\PortfolioWebsite\\src\\components\\XMLFileRenderer.jsx","statementMap":{"0":{"start":{"line":5,"column":19},"end":{"line":5,"column":null}},"1":{"start":{"line":14,"column":2},"end":{"line":25,"column":null}},"2":{"start":{"line":15,"column":21},"end":{"line":15,"column":null}},"3":{"start":{"line":17,"column":4},"end":{"line":19,"column":null}},"4":{"start":{"line":18,"column":6},"end":{"line":18,"column":null}},"5":{"start":{"line":21,"column":22},"end":{"line":21,"column":null}},"6":{"start":{"line":22,"column":4},"end":{"line":22,"column":null}},"7":{"start":{"line":24,"column":4},"end":{"line":24,"column":null}},"8":{"start":{"line":29,"column":28},"end":{"line":29,"column":null}},"9":{"start":{"line":30,"column":28},"end":{"line":30,"column":null}},"10":{"start":{"line":31,"column":24},"end":{"line":31,"column":null}},"11":{"start":{"line":34,"column":8},"end":{"line":34,"column":null}},"12":{"start":{"line":37,"column":8},"end":{"line":37,"column":null}},"13":{"start":{"line":38,"column":2},"end":{"line":40,"column":null}},"14":{"start":{"line":39,"column":4},"end":{"line":39,"column":null}},"15":{"start":{"line":42,"column":2},"end":{"line":91,"column":null}},"16":{"start":{"line":43,"column":20},"end":{"line":43,"column":null}},"17":{"start":{"line":46,"column":4},"end":{"line":48,"column":null}},"18":{"start":{"line":47,"column":6},"end":{"line":47,"column":null}},"19":{"start":{"line":51,"column":6},"end":{"line":78,"column":null}},"20":{"start":{"line":52,"column":8},"end":{"line":52,"column":null}},"21":{"start":{"line":53,"column":8},"end":{"line":53,"column":null}},"22":{"start":{"line":55,"column":26},"end":{"line":55,"column":null}},"23":{"start":{"line":56,"column":14},"end":{"line":56,"column":null}},"24":{"start":{"line":58,"column":8},"end":{"line":66,"column":null}},"25":{"start":{"line":59,"column":10},"end":{"line":59,"column":null}},"26":{"start":{"line":60,"column":10},"end":{"line":60,"column":null}},"27":{"start":{"line":63,"column":10},"end":{"line":65,"column":null}},"28":{"start":{"line":64,"column":12},"end":{"line":64,"column":null}},"29":{"start":{"line":68,"column":8},"end":{"line":77,"column":null}},"30":{"start":{"line":69,"column":10},"end":{"line":69,"column":null}},"31":{"start":{"line":70,"column":10},"end":{"line":70,"column":null}},"32":{"start":{"line":71,"column":10},"end":{"line":71,"column":null}},"33":{"start":{"line":74,"column":10},"end":{"line":76,"column":null}},"34":{"start":{"line":75,"column":12},"end":{"line":75,"column":null}},"35":{"start":{"line":81,"column":4},"end":{"line":81,"column":null}},"36":{"start":{"line":83,"column":4},"end":{"line":90,"column":null}},"37":{"start":{"line":84,"column":6},"end":{"line":84,"column":null}},"38":{"start":{"line":87,"column":6},"end":{"line":89,"column":null}},"39":{"start":{"line":88,"column":8},"end":{"line":88,"column":null}},"40":{"start":{"line":94,"column":2},"end":{"line":96,"column":null}},"41":{"start":{"line":95,"column":4},"end":{"line":95,"column":null}},"42":{"start":{"line":98,"column":2},"end":{"line":100,"column":null}},"43":{"start":{"line":99,"column":4},"end":{"line":99,"column":null}},"44":{"start":{"line":102,"column":2},"end":{"line":104,"column":null}},"45":{"start":{"line":103,"column":4},"end":{"line":103,"column":null}},"46":{"start":{"line":106,"column":2},"end":{"line":106,"column":null}}},"fnMap":{"0":{"name":"fetchXMLFile","decl":{"start":{"line":13,"column":15},"end":{"line":13,"column":28}},"loc":{"start":{"line":13,"column":38},"end":{"line":26,"column":null}},"line":13},"1":{"name":"XMLFileRenderer","decl":{"start":{"line":28,"column":9},"end":{"line":28,"column":25}},"loc":{"start":{"line":28,"column":71},"end":{"line":107,"column":null}},"line":28},"2":{"name":"(anonymous_2)","decl":{"start":{"line":42,"column":12},"end":{"line":42,"column":18}},"loc":{"start":{"line":42,"column":18},"end":{"line":91,"column":5}},"line":42},"3":{"name":"loadContent","decl":{"start":{"line":50,"column":19},"end":{"line":50,"column":33}},"loc":{"start":{"line":50,"column":33},"end":{"line":79,"column":null}},"line":50},"4":{"name":"(anonymous_4)","decl":{"start":{"line":83,"column":11},"end":{"line":83,"column":17}},"loc":{"start":{"line":83,"column":17},"end":{"line":90,"column":null}},"line":83}},"branchMap":{"0":{"loc":{"start":{"line":17,"column":4},"end":{"line":19,"column":null}},"type":"if","locations":[{"start":{"line":17,"column":4},"end":{"line":19,"column":null}},{"start":{},"end":{}}],"line":17},"1":{"loc":{"start":{"line":28,"column":48},"end":{"line":28,"column":68}},"type":"default-arg","locations":[{"start":{"line":28,"column":63},"end":{"line":28,"column":68}}],"line":28},"2":{"loc":{"start":{"line":38,"column":2},"end":{"line":40,"column":null}},"type":"if","locations":[{"start":{"line":38,"column":2},"end":{"line":40,"column":null}},{"start":{},"end":{}}],"line":38},"3":{"loc":{"start":{"line":46,"column":4},"end":{"line":48,"column":null}},"type":"if","locations":[{"start":{"line":46,"column":4},"end":{"line":48,"column":null}},{"start":{},"end":{}}],"line":46},"4":{"loc":{"start":{"line":46,"column":8},"end":{"line":46,"column":58}},"type":"binary-expr","locations":[{"start":{"line":46,"column":8},"end":{"line":46,"column":24}},{"start":{"line":46,"column":24},"end":{"line":46,"column":58}}],"line":46},"5":{"loc":{"start":{"line":58,"column":8},"end":{"line":66,"column":null}},"type":"if","locations":[{"start":{"line":58,"column":8},"end":{"line":66,"column":null}},{"start":{},"end":{}}],"line":58},"6":{"loc":{"start":{"line":63,"column":10},"end":{"line":65,"column":null}},"type":"if","locations":[{"start":{"line":63,"column":10},"end":{"line":65,"column":null}},{"start":{},"end":{}}],"line":63},"7":{"loc":{"start":{"line":63,"column":14},"end":{"line":63,"column":68}},"type":"binary-expr","locations":[{"start":{"line":63,"column":14},"end":{"line":63,"column":30}},{"start":{"line":63,"column":30},"end":{"line":63,"column":68}}],"line":63},"8":{"loc":{"start":{"line":68,"column":8},"end":{"line":77,"column":null}},"type":"if","locations":[{"start":{"line":68,"column":8},"end":{"line":77,"column":null}},{"start":{},"end":{}}],"line":68},"9":{"loc":{"start":{"line":74,"column":10},"end":{"line":76,"column":null}},"type":"if","locations":[{"start":{"line":74,"column":10},"end":{"line":76,"column":null}},{"start":{},"end":{}}],"line":74},"10":{"loc":{"start":{"line":74,"column":14},"end":{"line":74,"column":68}},"type":"binary-expr","locations":[{"start":{"line":74,"column":14},"end":{"line":74,"column":30}},{"start":{"line":74,"column":30},"end":{"line":74,"column":68}}],"line":74},"11":{"loc":{"start":{"line":87,"column":6},"end":{"line":89,"column":null}},"type":"if","locations":[{"start":{"line":87,"column":6},"end":{"line":89,"column":null}},{"start":{},"end":{}}],"line":87},"12":{"loc":{"start":{"line":87,"column":10},"end":{"line":87,"column":64}},"type":"binary-expr","locations":[{"start":{"line":87,"column":10},"end":{"line":87,"column":26}},{"start":{"line":87,"column":26},"end":{"line":87,"column":64}}],"line":87},"13":{"loc":{"start":{"line":94,"column":2},"end":{"line":96,"column":null}},"type":"if","locations":[{"start":{"line":94,"column":2},"end":{"line":96,"column":null}},{"start":{},"end":{}}],"line":94},"14":{"loc":{"start":{"line":98,"column":2},"end":{"line":100,"column":null}},"type":"if","locations":[{"start":{"line":98,"column":2},"end":{"line":100,"column":null}},{"start":{},"end":{}}],"line":98},"15":{"loc":{"start":{"line":102,"column":2},"end":{"line":104,"column":null}},"type":"if","locations":[{"start":{"line":102,"column":2},"end":{"line":104,"column":null}},{"start":{},"end":{}}],"line":102}},"s":{"0":1,"1":32,"2":32,"3":32,"4":4,"5":28,"6":28,"7":4,"8":44,"9":44,"10":44,"11":44,"12":44,"13":44,"14":16,"15":44,"16":32,"17":32,"18":32,"19":32,"20":32,"21":32,"22":32,"23":28,"24":28,"25":28,"26":28,"27":28,"28":28,"29":4,"30":4,"31":4,"32":4,"33":4,"34":4,"35":32,"36":32,"37":32,"38":32,"39":32,"40":44,"41":16,"42":28,"43":4,"44":24,"45":24,"46":0},"f":{"0":32,"1":44,"2":32,"3":32,"4":32},"b":{"0":[4,28],"1":[44],"2":[16,28],"3":[32,0],"4":[32,32],"5":[28,0],"6":[28,0],"7":[28,28],"8":[4,0],"9":[4,0],"10":[4,4],"11":[32,0],"12":[32,32],"13":[16,28],"14":[4,24],"15":[24,0]},"meta":{"lastBranch":16,"lastFunction":5,"lastStatement":47,"seen":{"s:5:19:5:Infinity":0,"f:13:15:13:28":0,"s:14:2:25:Infinity":1,"s:15:21:15:Infinity":2,"b:17:4:19:Infinity:undefined:undefined:undefined:undefined":0,"s:17:4:19:Infinity":3,"s:18:6:18:Infinity":4,"s:21:22:21:Infinity":5,"s:22:4:22:Infinity":6,"s:24:4:24:Infinity":7,"f:28:9:28:25":1,"b:28:63:28:68":1,"s:29:28:29:Infinity":8,"s:30:28:30:Infinity":9,"s:31:24:31:Infinity":10,"s:34:8:34:Infinity":11,"s:37:8:37:Infinity":12,"b:38:2:40:Infinity:undefined:undefined:undefined:undefined":2,"s:38:2:40:Infinity":13,"s:39:4:39:Infinity":14,"s:42:2:91:Infinity":15,"f:42:12:42:18":2,"s:43:20:43:Infinity":16,"b:46:4:48:Infinity:undefined:undefined:undefined:undefined":3,"s:46:4:48:Infinity":17,"b:46:8:46:24:46:24:46:58":4,"s:47:6:47:Infinity":18,"f:50:19:50:33":3,"s:51:6:78:Infinity":19,"s:52:8:52:Infinity":20,"s:53:8:53:Infinity":21,"s:55:26:55:Infinity":22,"s:56:14:56:Infinity":23,"b:58:8:66:Infinity:undefined:undefined:undefined:undefined":5,"s:58:8:66:Infinity":24,"s:59:10:59:Infinity":25,"s:60:10:60:Infinity":26,"b:63:10:65:Infinity:undefined:undefined:undefined:undefined":6,"s:63:10:65:Infinity":27,"b:63:14:63:30:63:30:63:68":7,"s:64:12:64:Infinity":28,"b:68:8:77:Infinity:undefined:undefined:undefined:undefined":8,"s:68:8:77:Infinity":29,"s:69:10:69:Infinity":30,"s:70:10:70:Infinity":31,"s:71:10:71:Infinity":32,"b:74:10:76:Infinity:undefined:undefined:undefined:undefined":9,"s:74:10:76:Infinity":33,"b:74:14:74:30:74:30:74:68":10,"s:75:12:75:Infinity":34,"s:81:4:81:Infinity":35,"s:83:4:90:Infinity":36,"f:83:11:83:17":4,"s:84:6:84:Infinity":37,"b:87:6:89:Infinity:undefined:undefined:undefined:undefined":11,"s:87:6:89:Infinity":38,"b:87:10:87:26:87:26:87:64":12,"s:88:8:88:Infinity":39,"b:94:2:96:Infinity:undefined:undefined:undefined:undefined":13,"s:94:2:96:Infinity":40,"s:95:4:95:Infinity":41,"b:98:2:100:Infinity:undefined:undefined:undefined:undefined":14,"s:98:2:100:Infinity":42,"s:99:4:99:Infinity":43,"b:102:2:104:Infinity:undefined:undefined:undefined:undefined":15,"s:102:2:104:Infinity":44,"s:103:4:103:Infinity":45,"s:106:2:106:Infinity":46}}}
,"E:\\ActiveProjects\\_PortWebRepo\\PortfolioWebsite\\src\\components\\YouTubeVideo.jsx": {"path":"E:\\ActiveProjects\\_PortWebRepo\\PortfolioWebsite\\src\\components\\YouTubeVideo.jsx","statementMap":{"0":{"start":{"line":5,"column":23},"end":{"line":5,"column":null}},"1":{"start":{"line":13,"column":2},"end":{"line":15,"column":null}},"2":{"start":{"line":14,"column":4},"end":{"line":14,"column":null}},"3":{"start":{"line":25,"column":2},"end":{"line":69,"column":null}},"4":{"start":{"line":26,"column":19},"end":{"line":26,"column":null}},"5":{"start":{"line":27,"column":21},"end":{"line":27,"column":null}},"6":{"start":{"line":31,"column":6},"end":{"line":34,"column":null}},"7":{"start":{"line":36,"column":4},"end":{"line":38,"column":null}},"8":{"start":{"line":37,"column":6},"end":{"line":37,"column":null}},"9":{"start":{"line":41,"column":4},"end":{"line":46,"column":null}},"10":{"start":{"line":42,"column":22},"end":{"line":42,"column":null}},"11":{"start":{"line":43,"column":6},"end":{"line":45,"column":null}},"12":{"start":{"line":44,"column":8},"end":{"line":44,"column":null}},"13":{"start":{"line":49,"column":4},"end":{"line":54,"column":null}},"14":{"start":{"line":50,"column":22},"end":{"line":50,"column":null}},"15":{"start":{"line":51,"column":6},"end":{"line":53,"column":null}},"16":{"start":{"line":52,"column":8},"end":{"line":52,"column":null}},"17":{"start":{"line":57,"column":4},"end":{"line":65,"column":null}},"18":{"start":{"line":58,"column":20},"end":{"line":58,"column":null}},"19":{"start":{"line":59,"column":6},"end":{"line":64,"column":null}},"20":{"start":{"line":60,"column":24},"end":{"line":60,"column":null}},"21":{"start":{"line":61,"column":8},"end":{"line":63,"column":null}},"22":{"start":{"line":62,"column":10},"end":{"line":62,"column":null}},"23":{"start":{"line":68,"column":4},"end":{"line":68,"column":null}},"24":{"start":{"line":72,"column":2},"end":{"line":72,"column":null}},"25":{"start":{"line":122,"column":2},"end":{"line":122,"column":null}},"26":{"start":{"line":123,"column":18},"end":{"line":123,"column":null}},"27":{"start":{"line":125,"column":2},"end":{"line":127,"column":null}},"28":{"start":{"line":126,"column":4},"end":{"line":126,"column":null}},"29":{"start":{"line":129,"column":8},"end":{"line":129,"column":null}},"30":{"start":{"line":131,"column":8},"end":{"line":131,"column":null}},"31":{"start":{"line":132,"column":2},"end":{"line":134,"column":null}},"32":{"start":{"line":133,"column":4},"end":{"line":133,"column":null}},"33":{"start":{"line":135,"column":8},"end":{"line":135,"column":null}},"34":{"start":{"line":137,"column":2},"end":{"line":150,"column":null}},"35":{"start":{"line":139,"column":4},"end":{"line":141,"column":null}},"36":{"start":{"line":140,"column":6},"end":{"line":140,"column":null}},"37":{"start":{"line":143,"column":4},"end":{"line":149,"column":null}},"38":{"start":{"line":146,"column":6},"end":{"line":148,"column":null}},"39":{"start":{"line":147,"column":8},"end":{"line":147,"column":null}},"40":{"start":{"line":152,"column":27},"end":{"line":157,"column":null}},"41":{"start":{"line":153,"column":4},"end":{"line":153,"column":null}},"42":{"start":{"line":154,"column":4},"end":{"line":156,"column":null}},"43":{"start":{"line":155,"column":6},"end":{"line":155,"column":null}},"44":{"start":{"line":159,"column":28},"end":{"line":165,"column":null}},"45":{"start":{"line":160,"column":4},"end":{"line":160,"column":null}},"46":{"start":{"line":161,"column":4},"end":{"line":161,"column":null}},"47":{"start":{"line":162,"column":4},"end":{"line":164,"column":null}},"48":{"start":{"line":163,"column":6},"end":{"line":163,"column":null}},"49":{"start":{"line":167,"column":19},"end":{"line":167,"column":null}},"50":{"start":{"line":169,"column":2},"end":{"line":182,"column":null}}},"fnMap":{"0":{"name":"validateProps","decl":{"start":{"line":12,"column":9},"end":{"line":12,"column":23}},"loc":{"start":{"line":12,"column":28},"end":{"line":16,"column":null}},"line":12},"1":{"name":"extractVideoId","decl":{"start":{"line":24,"column":9},"end":{"line":24,"column":24}},"loc":{"start":{"line":24,"column":29},"end":{"line":73,"column":null}},"line":24},"2":{"name":"YouTubeVideo","decl":{"start":{"line":115,"column":9},"end":{"line":115,"column":22}},"loc":{"start":{"line":121,"column":3},"end":{"line":184,"column":null}},"line":121},"3":{"name":"(anonymous_3)","decl":{"start":{"line":137,"column":12},"end":{"line":137,"column":18}},"loc":{"start":{"line":137,"column":18},"end":{"line":150,"column":5}},"line":137},"4":{"name":"(anonymous_4)","decl":{"start":{"line":143,"column":11},"end":{"line":143,"column":17}},"loc":{"start":{"line":143,"column":17},"end":{"line":149,"column":null}},"line":143},"5":{"name":"(anonymous_5)","decl":{"start":{"line":152,"column":27},"end":{"line":152,"column":33}},"loc":{"start":{"line":152,"column":33},"end":{"line":157,"column":null}},"line":152},"6":{"name":"(anonymous_6)","decl":{"start":{"line":159,"column":28},"end":{"line":159,"column":34}},"loc":{"start":{"line":159,"column":34},"end":{"line":165,"column":null}},"line":159}},"branchMap":{"0":{"loc":{"start":{"line":13,"column":2},"end":{"line":15,"column":null}},"type":"if","locations":[{"start":{"line":13,"column":2},"end":{"line":15,"column":null}},{"start":{},"end":{}}],"line":13},"1":{"loc":{"start":{"line":13,"column":6},"end":{"line":13,"column":55}},"type":"binary-expr","locations":[{"start":{"line":13,"column":6},"end":{"line":13,"column":22}},{"start":{"line":13,"column":22},"end":{"line":13,"column":43}},{"start":{"line":13,"column":43},"end":{"line":13,"column":55}}],"line":13},"2":{"loc":{"start":{"line":31,"column":6},"end":{"line":34,"column":null}},"type":"binary-expr","locations":[{"start":{"line":31,"column":6},"end":{"line":31,"column":null}},{"start":{"line":32,"column":6},"end":{"line":32,"column":null}},{"start":{"line":33,"column":6},"end":{"line":33,"column":null}},{"start":{"line":34,"column":6},"end":{"line":34,"column":null}}],"line":31},"3":{"loc":{"start":{"line":36,"column":4},"end":{"line":38,"column":null}},"type":"if","locations":[{"start":{"line":36,"column":4},"end":{"line":38,"column":null}},{"start":{},"end":{}}],"line":36},"4":{"loc":{"start":{"line":41,"column":4},"end":{"line":46,"column":null}},"type":"if","locations":[{"start":{"line":41,"column":4},"end":{"line":46,"column":null}},{"start":{},"end":{}}],"line":41},"5":{"loc":{"start":{"line":41,"column":8},"end":{"line":41,"column":80}},"type":"binary-expr","locations":[{"start":{"line":41,"column":8},"end":{"line":41,"column":44}},{"start":{"line":41,"column":44},"end":{"line":41,"column":80}}],"line":41},"6":{"loc":{"start":{"line":43,"column":6},"end":{"line":45,"column":null}},"type":"if","locations":[{"start":{"line":43,"column":6},"end":{"line":45,"column":null}},{"start":{},"end":{}}],"line":43},"7":{"loc":{"start":{"line":49,"column":4},"end":{"line":54,"column":null}},"type":"if","locations":[{"start":{"line":49,"column":4},"end":{"line":54,"column":null}},{"start":{},"end":{}}],"line":49},"8":{"loc":{"start":{"line":51,"column":6},"end":{"line":53,"column":null}},"type":"if","locations":[{"start":{"line":51,"column":6},"end":{"line":53,"column":null}},{"start":{},"end":{}}],"line":51},"9":{"loc":{"start":{"line":57,"column":4},"end":{"line":65,"column":null}},"type":"if","locations":[{"start":{"line":57,"column":4},"end":{"line":65,"column":null}},{"start":{},"end":{}}],"line":57},"10":{"loc":{"start":{"line":57,"column":8},"end":{"line":57,"column":81}},"type":"binary-expr","locations":[{"start":{"line":57,"column":8},"end":{"line":57,"column":44}},{"start":{"line":57,"column":44},"end":{"line":57,"column":81}}],"line":57},"11":{"loc":{"start":{"line":59,"column":6},"end":{"line":64,"column":null}},"type":"if","locations":[{"start":{"line":59,"column":6},"end":{"line":64,"column":null}},{"start":{},"end":{}}],"line":59},"12":{"loc":{"start":{"line":61,"column":8},"end":{"line":63,"column":null}},"type":"if","locations":[{"start":{"line":61,"column":8},"end":{"line":63,"column":null}},{"start":{},"end":{}}],"line":61},"13":{"loc":{"start":{"line":117,"column":2},"end":{"line":117,"column":null}},"type":"default-arg","locations":[{"start":{"line":117,"column":10},"end":{"line":117,"column":null}}],"line":117},"14":{"loc":{"start":{"line":118,"column":2},"end":{"line":118,"column":null}},"type":"default-arg","locations":[{"start":{"line":118,"column":11},"end":{"line":118,"column":null}}],"line":118},"15":{"loc":{"start":{"line":119,"column":2},"end":{"line":119,"column":null}},"type":"default-arg","locations":[{"start":{"line":119,"column":10},"end":{"line":119,"column":null}}],"line":119},"16":{"loc":{"start":{"line":120,"column":2},"end":{"line":120,"column":null}},"type":"default-arg","locations":[{"start":{"line":120,"column":17},"end":{"line":120,"column":null}}],"line":120},"17":{"loc":{"start":{"line":125,"column":2},"end":{"line":127,"column":null}},"type":"if","locations":[{"start":{"line":125,"column":2},"end":{"line":127,"column":null}},{"start":{},"end":{}}],"line":125},"18":{"loc":{"start":{"line":132,"column":2},"end":{"line":134,"column":null}},"type":"if","locations":[{"start":{"line":132,"column":2},"end":{"line":134,"column":null}},{"start":{},"end":{}}],"line":132},"19":{"loc":{"start":{"line":139,"column":4},"end":{"line":141,"column":null}},"type":"if","locations":[{"start":{"line":139,"column":4},"end":{"line":141,"column":null}},{"start":{},"end":{}}],"line":139},"20":{"loc":{"start":{"line":139,"column":8},"end":{"line":139,"column":33}},"type":"binary-expr","locations":[{"start":{"line":139,"column":8},"end":{"line":139,"column":24}},{"start":{"line":139,"column":24},"end":{"line":139,"column":33}}],"line":139},"21":{"loc":{"start":{"line":146,"column":6},"end":{"line":148,"column":null}},"type":"if","locations":[{"start":{"line":146,"column":6},"end":{"line":148,"column":null}},{"start":{},"end":{}}],"line":146},"22":{"loc":{"start":{"line":146,"column":10},"end":{"line":146,"column":63}},"type":"binary-expr","locations":[{"start":{"line":146,"column":10},"end":{"line":146,"column":26}},{"start":{"line":146,"column":26},"end":{"line":146,"column":37}},{"start":{"line":146,"column":37},"end":{"line":146,"column":63}}],"line":146},"23":{"loc":{"start":{"line":154,"column":4},"end":{"line":156,"column":null}},"type":"if","locations":[{"start":{"line":154,"column":4},"end":{"line":156,"column":null}},{"start":{},"end":{}}],"line":154},"24":{"loc":{"start":{"line":154,"column":8},"end":{"line":154,"column":33}},"type":"binary-expr","locations":[{"start":{"line":154,"column":8},"end":{"line":154,"column":24}},{"start":{"line":154,"column":24},"end":{"line":154,"column":33}}],"line":154},"25":{"loc":{"start":{"line":162,"column":4},"end":{"line":164,"column":null}},"type":"if","locations":[{"start":{"line":162,"column":4},"end":{"line":164,"column":null}},{"start":{},"end":{}}],"line":162},"26":{"loc":{"start":{"line":162,"column":8},"end":{"line":162,"column":33}},"type":"binary-expr","locations":[{"start":{"line":162,"column":8},"end":{"line":162,"column":24}},{"start":{"line":162,"column":24},"end":{"line":162,"column":33}}],"line":162}},"s":{"0":10,"1":3257,"2":92,"3":3165,"4":3165,"5":3165,"6":3165,"7":3165,"8":240,"9":2913,"10":2654,"11":2654,"12":2654,"13":259,"14":140,"15":140,"16":140,"17":119,"18":119,"19":119,"20":119,"21":119,"22":119,"23":12,"24":0,"25":3261,"26":3261,"27":3261,"28":252,"29":2913,"30":2913,"31":2913,"32":2898,"33":2913,"34":2913,"35":2907,"36":2769,"37":2907,"38":2907,"39":2756,"40":2913,"41":14,"42":14,"43":12,"44":2913,"45":1,"46":1,"47":1,"48":1,"49":2913,"50":2913},"f":{"0":3257,"1":3165,"2":3261,"3":2907,"4":2907,"5":14,"6":1},"b":{"0":[92,3165],"1":[3257,3229,3199],"2":[3165,383,381,241],"3":[240,2925],"4":[2654,259],"5":[2913,2773],"6":[2654,0],"7":[140,119],"8":[140,0],"9":[119,0],"10":[119,119],"11":[119,0],"12":[119,0],"13":[3261],"14":[3261],"15":[3261],"16":[3261],"17":[252,3009],"18":[2898,15],"19":[2769,138],"20":[2907,2769],"21":[2756,151],"22":[2907,2769,2769],"23":[12,2],"24":[14,12],"25":[1,0],"26":[1,1]},"meta":{"lastBranch":27,"lastFunction":7,"lastStatement":51,"seen":{"s:5:23:5:Infinity":0,"f:12:9:12:23":0,"b:13:2:15:Infinity:undefined:undefined:undefined:undefined":0,"s:13:2:15:Infinity":1,"b:13:6:13:22:13:22:13:43:13:43:13:55":1,"s:14:4:14:Infinity":2,"f:24:9:24:24":1,"s:25:2:69:Infinity":3,"s:26:19:26:Infinity":4,"s:27:21:27:Infinity":5,"s:31:6:34:Infinity":6,"b:31:6:31:Infinity:32:6:32:Infinity:33:6:33:Infinity:34:6:34:Infinity":2,"b:36:4:38:Infinity:undefined:undefined:undefined:undefined":3,"s:36:4:38:Infinity":7,"s:37:6:37:Infinity":8,"b:41:4:46:Infinity:undefined:undefined:undefined:undefined":4,"s:41:4:46:Infinity":9,"b:41:8:41:44:41:44:41:80":5,"s:42:22:42:Infinity":10,"b:43:6:45:Infinity:undefined:undefined:undefined:undefined":6,"s:43:6:45:Infinity":11,"s:44:8:44:Infinity":12,"b:49:4:54:Infinity:undefined:undefined:undefined:undefined":7,"s:49:4:54:Infinity":13,"s:50:22:50:Infinity":14,"b:51:6:53:Infinity:undefined:undefined:undefined:undefined":8,"s:51:6:53:Infinity":15,"s:52:8:52:Infinity":16,"b:57:4:65:Infinity:undefined:undefined:undefined:undefined":9,"s:57:4:65:Infinity":17,"b:57:8:57:44:57:44:57:81":10,"s:58:20:58:Infinity":18,"b:59:6:64:Infinity:undefined:undefined:undefined:undefined":11,"s:59:6:64:Infinity":19,"s:60:24:60:Infinity":20,"b:61:8:63:Infinity:undefined:undefined:undefined:undefined":12,"s:61:8:63:Infinity":21,"s:62:10:62:Infinity":22,"s:68:4:68:Infinity":23,"s:72:2:72:Infinity":24,"f:115:9:115:22":2,"b:117:10:117:Infinity":13,"b:118:11:118:Infinity":14,"b:119:10:119:Infinity":15,"b:120:17:120:Infinity":16,"s:122:2:122:Infinity":25,"s:123:18:123:Infinity":26,"b:125:2:127:Infinity:undefined:undefined:undefined:undefined":17,"s:125:2:127:Infinity":27,"s:126:4:126:Infinity":28,"s:129:8:129:Infinity":29,"s:131:8:131:Infinity":30,"b:132:2:134:Infinity:undefined:undefined:undefined:undefined":18,"s:132:2:134:Infinity":31,"s:133:4:133:Infinity":32,"s:135:8:135:Infinity":33,"s:137:2:150:Infinity":34,"f:137:12:137:18":3,"b:139:4:141:Infinity:undefined:undefined:undefined:undefined":19,"s:139:4:141:Infinity":35,"b:139:8:139:24:139:24:139:33":20,"s:140:6:140:Infinity":36,"s:143:4:149:Infinity":37,"f:143:11:143:17":4,"b:146:6:148:Infinity:undefined:undefined:undefined:undefined":21,"s:146:6:148:Infinity":38,"b:146:10:146:26:146:26:146:37:146:37:146:63":22,"s:147:8:147:Infinity":39,"s:152:27:157:Infinity":40,"f:152:27:152:33":5,"s:153:4:153:Infinity":41,"b:154:4:156:Infinity:undefined:undefined:undefined:undefined":23,"s:154:4:156:Infinity":42,"b:154:8:154:24:154:24:154:33":24,"s:155:6:155:Infinity":43,"s:159:28:165:Infinity":44,"f:159:28:159:34":6,"s:160:4:160:Infinity":45,"s:161:4:161:Infinity":46,"b:162:4:164:Infinity:undefined:undefined:undefined:undefined":25,"s:162:4:164:Infinity":47,"b:162:8:162:24:162:24:162:33":26,"s:163:6:163:Infinity":48,"s:167:19:167:Infinity":49,"s:169:2:182:Infinity":50}}}
,"E:\\ActiveProjects\\_PortWebRepo\\PortfolioWebsite\\src\\contexts\\LoadingTrackerContext.jsx": {"path":"E:\\ActiveProjects\\_PortWebRepo\\PortfolioWebsite\\src\\contexts\\LoadingTrackerContext.jsx","statementMap":{"0":{"start":{"line":4,"column":13},"end":{"line":8,"column":null}},"1":{"start":{"line":11,"column":46},"end":{"line":11,"column":null}},"2":{"start":{"line":14,"column":20},"end":{"line":14,"column":null}},"3":{"start":{"line":19,"column":8},"end":{"line":25,"column":null}},"4":{"start":{"line":20,"column":4},"end":{"line":24,"column":null}},"5":{"start":{"line":21,"column":19},"end":{"line":21,"column":null}},"6":{"start":{"line":22,"column":6},"end":{"line":22,"column":null}},"7":{"start":{"line":23,"column":6},"end":{"line":23,"column":null}},"8":{"start":{"line":30,"column":8},"end":{"line":36,"column":null}},"9":{"start":{"line":31,"column":4},"end":{"line":35,"column":null}},"10":{"start":{"line":32,"column":19},"end":{"line":32,"column":null}},"11":{"start":{"line":33,"column":6},"end":{"line":33,"column":null}},"12":{"start":{"line":34,"column":6},"end":{"line":34,"column":null}},"13":{"start":{"line":38,"column":8},"end":{"line":42,"column":null}},"14":{"start":{"line":38,"column":38},"end":{"line":42,"column":6}},"15":{"start":{"line":44,"column":2},"end":{"line":47,"column":null}}},"fnMap":{"0":{"name":"(anonymous_0)","decl":{"start":{"line":5,"column":20},"end":{"line":5,"column":26}},"loc":{"start":{"line":5,"column":26},"end":{"line":5,"column":null}},"line":5},"1":{"name":"(anonymous_1)","decl":{"start":{"line":6,"column":24},"end":{"line":6,"column":30}},"loc":{"start":{"line":6,"column":30},"end":{"line":6,"column":null}},"line":6},"2":{"name":"LoadingTrackerProvider","decl":{"start":{"line":10,"column":16},"end":{"line":10,"column":39}},"loc":{"start":{"line":10,"column":53},"end":{"line":49,"column":null}},"line":10},"3":{"name":"(anonymous_3)","decl":{"start":{"line":19,"column":39},"end":{"line":19,"column":40}},"loc":{"start":{"line":19,"column":47},"end":{"line":25,"column":5}},"line":19},"4":{"name":"(anonymous_4)","decl":{"start":{"line":20,"column":24},"end":{"line":20,"column":32}},"loc":{"start":{"line":20,"column":32},"end":{"line":24,"column":5}},"line":20},"5":{"name":"(anonymous_5)","decl":{"start":{"line":30,"column":43},"end":{"line":30,"column":44}},"loc":{"start":{"line":30,"column":51},"end":{"line":36,"column":5}},"line":30},"6":{"name":"(anonymous_6)","decl":{"start":{"line":31,"column":24},"end":{"line":31,"column":32}},"loc":{"start":{"line":31,"column":32},"end":{"line":35,"column":5}},"line":31},"7":{"name":"(anonymous_7)","decl":{"start":{"line":38,"column":31},"end":{"line":38,"column":38}},"loc":{"start":{"line":38,"column":38},"end":{"line":42,"column":6}},"line":38}},"branchMap":{},"s":{"0":10,"1":0,"2":0,"3":0,"4":0,"5":0,"6":0,"7":0,"8":0,"9":0,"10":0,"11":0,"12":0,"13":0,"14":0,"15":0},"f":{"0":12,"1":12,"2":0,"3":0,"4":0,"5":0,"6":0,"7":0},"b":{},"meta":{"lastBranch":0,"lastFunction":8,"lastStatement":16,"seen":{"s:4:13:8:Infinity":0,"f:5:20:5:26":0,"f:6:24:6:30":1,"f:10:16:10:39":2,"s:11:46:11:Infinity":1,"s:14:20:14:Infinity":2,"s:19:8:25:Infinity":3,"f:19:39:19:40":3,"s:20:4:24:Infinity":4,"f:20:24:20:32":4,"s:21:19:21:Infinity":5,"s:22:6:22:Infinity":6,"s:23:6:23:Infinity":7,"s:30:8:36:Infinity":8,"f:30:43:30:44":5,"s:31:4:35:Infinity":9,"f:31:24:31:32":6,"s:32:19:32:Infinity":10,"s:33:6:33:Infinity":11,"s:34:6:34:Infinity":12,"s:38:8:42:Infinity":13,"f:38:31:38:38":7,"s:38:38:42:6":14,"s:44:2:47:Infinity":15}}}
,"E:\\ActiveProjects\\_PortWebRepo\\PortfolioWebsite\\src\\pages\\Home.jsx": {"path":"E:\\ActiveProjects\\_PortWebRepo\\PortfolioWebsite\\src\\pages\\Home.jsx","statementMap":{"0":{"start":{"line":19,"column":18},"end":{"line":19,"column":null}},"1":{"start":{"line":20,"column":21},"end":{"line":20,"column":null}},"2":{"start":{"line":21,"column":19},"end":{"line":21,"column":null}},"3":{"start":{"line":22,"column":19},"end":{"line":22,"column":null}},"4":{"start":{"line":25,"column":4},"end":{"line":28,"column":null}},"5":{"start":{"line":34,"column":4},"end":{"line":53,"column":null}},"6":{"start":{"line":60,"column":24},"end":{"line":65,"column":null}},"7":{"start":{"line":67,"column":4},"end":{"line":70,"column":null}}},"fnMap":{"0":{"name":"EmailAndExternalSiteLinks","decl":{"start":{"line":18,"column":9},"end":{"line":18,"column":37}},"loc":{"start":{"line":18,"column":37},"end":{"line":30,"column":null}},"line":18},"1":{"name":"WebPageLinks","decl":{"start":{"line":32,"column":9},"end":{"line":32,"column":24}},"loc":{"start":{"line":32,"column":24},"end":{"line":55,"column":null}},"line":32},"2":{"name":"Home","decl":{"start":{"line":58,"column":9},"end":{"line":58,"column":16}},"loc":{"start":{"line":58,"column":16},"end":{"line":72,"column":null}},"line":58}},"branchMap":{},"s":{"0":0,"1":0,"2":0,"3":0,"4":0,"5":0,"6":0,"7":0},"f":{"0":0,"1":0,"2":0},"b":{},"meta":{"lastBranch":0,"lastFunction":3,"lastStatement":8,"seen":{"f:18:9:18:37":0,"s:19:18:19:Infinity":0,"s:20:21:20:Infinity":1,"s:21:19:21:Infinity":2,"s:22:19:22:Infinity":3,"s:25:4:28:Infinity":4,"f:32:9:32:24":1,"s:34:4:53:Infinity":5,"f:58:9:58:16":2,"s:60:24:65:Infinity":6,"s:67:4:70:Infinity":7}}}
,"E:\\ActiveProjects\\_PortWebRepo\\PortfolioWebsite\\src\\pages\\YouTubeErrorTest.jsx": {"path":"E:\\ActiveProjects\\_PortWebRepo\\PortfolioWebsite\\src\\pages\\YouTubeErrorTest.jsx","statementMap":{"0":{"start":{"line":6,"column":2},"end":{"line":11,"column":null}},"1":{"start":{"line":16,"column":2},"end":{"line":205,"column":null}}},"fnMap":{"0":{"name":"ErrorFallback","decl":{"start":{"line":5,"column":9},"end":{"line":5,"column":23}},"loc":{"start":{"line":5,"column":54},"end":{"line":13,"column":null}},"line":5},"1":{"name":"YouTubeErrorTest","decl":{"start":{"line":15,"column":9},"end":{"line":15,"column":28}},"loc":{"start":{"line":15,"column":28},"end":{"line":207,"column":null}},"line":15}},"branchMap":{},"s":{"0":0,"1":0},"f":{"0":0,"1":0},"b":{},"meta":{"lastBranch":0,"lastFunction":2,"lastStatement":2,"seen":{"f:5:9:5:23":0,"s:6:2:11:Infinity":0,"f:15:9:15:28":1,"s:16:2:205:Infinity":1}}}
,"E:\\ActiveProjects\\_PortWebRepo\\PortfolioWebsite\\src\\pages\\YouTubeTest.jsx": {"path":"E:\\ActiveProjects\\_PortWebRepo\\PortfolioWebsite\\src\\pages\\YouTubeTest.jsx","statementMap":{"0":{"start":{"line":15,"column":22},"end":{"line":15,"column":null}},"1":{"start":{"line":17,"column":2},"end":{"line":92,"column":null}}},"fnMap":{"0":{"name":"YouTubeTest","decl":{"start":{"line":13,"column":9},"end":{"line":13,"column":23}},"loc":{"start":{"line":13,"column":23},"end":{"line":94,"column":null}},"line":13}},"branchMap":{},"s":{"0":0,"1":0},"f":{"0":0},"b":{},"meta":{"lastBranch":0,"lastFunction":1,"lastStatement":2,"seen":{"f:13:9:13:23":0,"s:15:22:15:Infinity":0,"s:17:2:92:Infinity":1}}}
,"E:\\ActiveProjects\\_PortWebRepo\\PortfolioWebsite\\src\\pages\\projects\\DodgeWest.jsx": {"path":"E:\\ActiveProjects\\_PortWebRepo\\PortfolioWebsite\\src\\pages\\projects\\DodgeWest.jsx","statementMap":{"0":{"start":{"line":17,"column":4},"end":{"line":29,"column":null}}},"fnMap":{"0":{"name":"DodgeWest","decl":{"start":{"line":15,"column":9},"end":{"line":15,"column":21}},"loc":{"start":{"line":15,"column":21},"end":{"line":31,"column":null}},"line":15}},"branchMap":{},"s":{"0":0},"f":{"0":0},"b":{},"meta":{"lastBranch":0,"lastFunction":1,"lastStatement":1,"seen":{"f:15:9:15:21":0,"s:17:4:29:Infinity":0}}}
,"E:\\ActiveProjects\\_PortWebRepo\\PortfolioWebsite\\src\\pages\\projects\\EggEscape.jsx": {"path":"E:\\ActiveProjects\\_PortWebRepo\\PortfolioWebsite\\src\\pages\\projects\\EggEscape.jsx","statementMap":{"0":{"start":{"line":16,"column":4},"end":{"line":25,"column":null}}},"fnMap":{"0":{"name":"EggEscape","decl":{"start":{"line":14,"column":9},"end":{"line":14,"column":21}},"loc":{"start":{"line":14,"column":21},"end":{"line":27,"column":null}},"line":14}},"branchMap":{},"s":{"0":0},"f":{"0":0},"b":{},"meta":{"lastBranch":0,"lastFunction":1,"lastStatement":1,"seen":{"f:14:9:14:21":0,"s:16:4:25:Infinity":0}}}
,"E:\\ActiveProjects\\_PortWebRepo\\PortfolioWebsite\\src\\pages\\projects\\FriendInMe.jsx": {"path":"E:\\ActiveProjects\\_PortWebRepo\\PortfolioWebsite\\src\\pages\\projects\\FriendInMe.jsx","statementMap":{"0":{"start":{"line":17,"column":4},"end":{"line":26,"column":null}}},"fnMap":{"0":{"name":"FriendInMe","decl":{"start":{"line":15,"column":9},"end":{"line":15,"column":22}},"loc":{"start":{"line":15,"column":22},"end":{"line":28,"column":null}},"line":15}},"branchMap":{},"s":{"0":0},"f":{"0":0},"b":{},"meta":{"lastBranch":0,"lastFunction":1,"lastStatement":1,"seen":{"f:15:9:15:22":0,"s:17:4:26:Infinity":0}}}
,"E:\\ActiveProjects\\_PortWebRepo\\PortfolioWebsite\\src\\pages\\projects\\GambitAndTheAnchored.jsx": {"path":"E:\\ActiveProjects\\_PortWebRepo\\PortfolioWebsite\\src\\pages\\projects\\GambitAndTheAnchored.jsx","statementMap":{"0":{"start":{"line":16,"column":4},"end":{"line":24,"column":null}}},"fnMap":{"0":{"name":"GambitAndTheAnchored","decl":{"start":{"line":14,"column":9},"end":{"line":14,"column":32}},"loc":{"start":{"line":14,"column":32},"end":{"line":26,"column":null}},"line":14}},"branchMap":{},"s":{"0":0},"f":{"0":0},"b":{},"meta":{"lastBranch":0,"lastFunction":1,"lastStatement":1,"seen":{"f:14:9:14:32":0,"s:16:4:24:Infinity":0}}}
,"E:\\ActiveProjects\\_PortWebRepo\\PortfolioWebsite\\src\\pages\\projects\\Purger.jsx": {"path":"E:\\ActiveProjects\\_PortWebRepo\\PortfolioWebsite\\src\\pages\\projects\\Purger.jsx","statementMap":{"0":{"start":{"line":16,"column":4},"end":{"line":33,"column":null}}},"fnMap":{"0":{"name":"Purger","decl":{"start":{"line":14,"column":9},"end":{"line":14,"column":18}},"loc":{"start":{"line":14,"column":18},"end":{"line":36,"column":null}},"line":14}},"branchMap":{},"s":{"0":0},"f":{"0":0},"b":{},"meta":{"lastBranch":0,"lastFunction":1,"lastStatement":1,"seen":{"f:14:9:14:18":0,"s:16:4:33:Infinity":0}}}
,"E:\\ActiveProjects\\_PortWebRepo\\PortfolioWebsite\\src\\utils\\xmlParser.js": {"path":"E:\\ActiveProjects\\_PortWebRepo\\PortfolioWebsite\\src\\utils\\xmlParser.js","statementMap":{"0":{"start":{"line":11,"column":17},"end":{"line":11,"column":32}},"1":{"start":{"line":12,"column":17},"end":{"line":12,"column":62}},"2":{"start":{"line":15,"column":22},"end":{"line":15,"column":57}},"3":{"start":{"line":16,"column":2},"end":{"line":19,"column":3}},"4":{"start":{"line":17,"column":4},"end":{"line":17,"column":65}},"5":{"start":{"line":18,"column":4},"end":{"line":18,"column":14}},"6":{"start":{"line":22,"column":15},"end":{"line":22,"column":37}},"7":{"start":{"line":25,"column":24},"end":{"line":25,"column":26}},"8":{"start":{"line":26,"column":19},"end":{"line":26,"column":34}},"9":{"start":{"line":28,"column":2},"end":{"line":35,"column":3}},"10":{"start":{"line":28,"column":15},"end":{"line":28,"column":16}},"11":{"start":{"line":29,"column":17},"end":{"line":29,"column":28}},"12":{"start":{"line":30,"column":20},"end":{"line":30,"column":47}},"13":{"start":{"line":32,"column":4},"end":{"line":34,"column":5}},"14":{"start":{"line":33,"column":6},"end":{"line":33,"column":34}},"15":{"start":{"line":37,"column":2},"end":{"line":37,"column":23}},"16":{"start":{"line":49,"column":2},"end":{"line":56,"column":3}},"17":{"start":{"line":50,"column":17},"end":{"line":50,"column":33}},"18":{"start":{"line":52,"column":4},"end":{"line":54,"column":5}},"19":{"start":{"line":53,"column":6},"end":{"line":53,"column":18}},"20":{"start":{"line":55,"column":4},"end":{"line":55,"column":16}},"21":{"start":{"line":59,"column":2},"end":{"line":75,"column":3}},"22":{"start":{"line":60,"column":20},"end":{"line":60,"column":46}},"23":{"start":{"line":61,"column":23},"end":{"line":61,"column":46}},"24":{"start":{"line":64,"column":21},"end":{"line":64,"column":23}},"25":{"start":{"line":65,"column":4},"end":{"line":70,"column":5}},"26":{"start":{"line":65,"column":17},"end":{"line":65,"column":18}},"27":{"start":{"line":66,"column":20},"end":{"line":66,"column":61}},"28":{"start":{"line":67,"column":6},"end":{"line":69,"column":7}},"29":{"start":{"line":68,"column":8},"end":{"line":68,"column":29}},"30":{"start":{"line":73,"column":25},"end":{"line":73,"column":80}},"31":{"start":{"line":74,"column":4},"end":{"line":74,"column":24}},"32":{"start":{"line":78,"column":2},"end":{"line":78,"column":14}},"33":{"start":{"line":88,"column":21},"end":{"line":88,"column":23}},"34":{"start":{"line":90,"column":2},"end":{"line":95,"column":3}},"35":{"start":{"line":91,"column":4},"end":{"line":94,"column":5}},"36":{"start":{"line":91,"column":17},"end":{"line":91,"column":18}},"37":{"start":{"line":92,"column":19},"end":{"line":92,"column":37}},"38":{"start":{"line":93,"column":6},"end":{"line":93,"column":41}},"39":{"start":{"line":97,"column":2},"end":{"line":97,"column":20}},"40":{"start":{"line":110,"column":16},"end":{"line":110,"column":38}},"41":{"start":{"line":112,"column":2},"end":{"line":167,"column":3}},"42":{"start":{"line":115,"column":6},"end":{"line":115,"column":58}},"43":{"start":{"line":119,"column":6},"end":{"line":119,"column":63}},"44":{"start":{"line":123,"column":6},"end":{"line":123,"column":59}},"45":{"start":{"line":127,"column":6},"end":{"line":127,"column":46}},"46":{"start":{"line":130,"column":20},"end":{"line":130,"column":41}},"47":{"start":{"line":131,"column":25},"end":{"line":131,"column":36}},"48":{"start":{"line":132,"column":6},"end":{"line":132,"column":65}},"49":{"start":{"line":136,"column":6},"end":{"line":136,"column":59}},"50":{"start":{"line":139,"column":6},"end":{"line":139,"column":59}},"51":{"start":{"line":142,"column":6},"end":{"line":142,"column":59}},"52":{"start":{"line":145,"column":6},"end":{"line":145,"column":59}},"53":{"start":{"line":148,"column":6},"end":{"line":148,"column":59}},"54":{"start":{"line":151,"column":6},"end":{"line":151,"column":59}},"55":{"start":{"line":154,"column":22},"end":{"line":154,"column":65}},"56":{"start":{"line":155,"column":6},"end":{"line":155,"column":62}},"57":{"start":{"line":159,"column":6},"end":{"line":159,"column":59}},"58":{"start":{"line":162,"column":6},"end":{"line":162,"column":88}},"59":{"start":{"line":166,"column":6},"end":{"line":166,"column":61}}},"fnMap":{"0":{"name":"parseXMLToReact","decl":{"start":{"line":9,"column":16},"end":{"line":9,"column":31}},"loc":{"start":{"line":9,"column":43},"end":{"line":38,"column":1}},"line":9},"1":{"name":"convertNodeToReact","decl":{"start":{"line":47,"column":9},"end":{"line":47,"column":27}},"loc":{"start":{"line":47,"column":41},"end":{"line":79,"column":1}},"line":47},"2":{"name":"extractAttributes","decl":{"start":{"line":87,"column":9},"end":{"line":87,"column":26}},"loc":{"start":{"line":87,"column":33},"end":{"line":98,"column":1}},"line":87},"3":{"name":"mapTagToComponent","decl":{"start":{"line":109,"column":9},"end":{"line":109,"column":26}},"loc":{"start":{"line":109,"column":63},"end":{"line":168,"column":1}},"line":109}},"branchMap":{"0":{"loc":{"start":{"line":16,"column":2},"end":{"line":19,"column":3}},"type":"if","locations":[{"start":{"line":16,"column":2},"end":{"line":19,"column":3}},{"start":{},"end":{}}],"line":16},"1":{"loc":{"start":{"line":32,"column":4},"end":{"line":34,"column":5}},"type":"if","locations":[{"start":{"line":32,"column":4},"end":{"line":34,"column":5}},{"start":{},"end":{}}],"line":32},"2":{"loc":{"start":{"line":49,"column":2},"end":{"line":56,"column":3}},"type":"if","locations":[{"start":{"line":49,"column":2},"end":{"line":56,"column":3}},{"start":{},"end":{}}],"line":49},"3":{"loc":{"start":{"line":52,"column":4},"end":{"line":54,"column":5}},"type":"if","locations":[{"start":{"line":52,"column":4},"end":{"line":54,"column":5}},{"start":{},"end":{}}],"line":52},"4":{"loc":{"start":{"line":59,"column":2},"end":{"line":75,"column":3}},"type":"if","locations":[{"start":{"line":59,"column":2},"end":{"line":75,"column":3}},{"start":{},"end":{}}],"line":59},"5":{"loc":{"start":{"line":67,"column":6},"end":{"line":69,"column":7}},"type":"if","locations":[{"start":{"line":67,"column":6},"end":{"line":69,"column":7}},{"start":{},"end":{}}],"line":67},"6":{"loc":{"start":{"line":90,"column":2},"end":{"line":95,"column":3}},"type":"if","locations":[{"start":{"line":90,"column":2},"end":{"line":95,"column":3}},{"start":{},"end":{}}],"line":90},"7":{"loc":{"start":{"line":112,"column":2},"end":{"line":167,"column":3}},"type":"switch","locations":[{"start":{"line":113,"column":4},"end":{"line":113,"column":21}},{"start":{"line":114,"column":4},"end":{"line":115,"column":58}},{"start":{"line":117,"column":4},"end":{"line":117,"column":16}},{"start":{"line":118,"column":4},"end":{"line":119,"column":63}},{"start":{"line":121,"column":4},"end":{"line":121,"column":18}},{"start":{"line":122,"column":4},"end":{"line":123,"column":59}},{"start":{"line":125,"column":4},"end":{"line":125,"column":17}},{"start":{"line":126,"column":4},"end":{"line":127,"column":46}},{"start":{"line":129,"column":4},"end":{"line":133,"column":5}},{"start":{"line":135,"column":4},"end":{"line":136,"column":59}},{"start":{"line":138,"column":4},"end":{"line":139,"column":59}},{"start":{"line":141,"column":4},"end":{"line":142,"column":59}},{"start":{"line":144,"column":4},"end":{"line":145,"column":59}},{"start":{"line":147,"column":4},"end":{"line":148,"column":59}},{"start":{"line":150,"column":4},"end":{"line":151,"column":59}},{"start":{"line":153,"column":4},"end":{"line":156,"column":5}},{"start":{"line":158,"column":4},"end":{"line":159,"column":59}},{"start":{"line":161,"column":4},"end":{"line":162,"column":88}},{"start":{"line":164,"column":4},"end":{"line":166,"column":61}}],"line":112},"8":{"loc":{"start":{"line":130,"column":20},"end":{"line":130,"column":41}},"type":"binary-expr","locations":[{"start":{"line":130,"column":20},"end":{"line":130,"column":36}},{"start":{"line":130,"column":40},"end":{"line":130,"column":41}}],"line":130},"9":{"loc":{"start":{"line":154,"column":22},"end":{"line":154,"column":65}},"type":"cond-expr","locations":[{"start":{"line":154,"column":54},"end":{"line":154,"column":58}},{"start":{"line":154,"column":61},"end":{"line":154,"column":65}}],"line":154}},"s":{"0":28,"1":28,"2":28,"3":28,"4":0,"5":0,"6":28,"7":28,"8":28,"9":28,"10":28,"11":28,"12":28,"13":28,"14":28,"15":28,"16":56,"17":28,"18":28,"19":0,"20":28,"21":28,"22":28,"23":28,"24":28,"25":28,"26":28,"27":28,"28":28,"29":28,"30":28,"31":28,"32":0,"33":28,"34":28,"35":28,"36":28,"37":0,"38":0,"39":28,"40":28,"41":28,"42":22,"43":0,"44":0,"45":0,"46":0,"47":0,"48":0,"49":0,"50":0,"51":0,"52":0,"53":0,"54":0,"55":0,"56":0,"57":0,"58":0,"59":6},"f":{"0":28,"1":56,"2":28,"3":28},"b":{"0":[0,28],"1":[28,0],"2":[28,28],"3":[0,28],"4":[28,0],"5":[28,0],"6":[28,0],"7":[22,22,0,0,0,0,0,0,0,0,0,0,0,0,0,0,0,0,6],"8":[0,0],"9":[0,0]},"meta":{"lastBranch":10,"lastFunction":4,"lastStatement":60,"seen":{"f:9:16:9:31":0,"s:11:17:11:32":0,"s:12:17:12:62":1,"s:15:22:15:57":2,"b:16:2:19:3:undefined:undefined:undefined:undefined":0,"s:16:2:19:3":3,"s:17:4:17:65":4,"s:18:4:18:14":5,"s:22:15:22:37":6,"s:25:24:25:26":7,"s:26:19:26:34":8,"s:28:2:35:3":9,"s:28:15:28:16":10,"s:29:17:29:28":11,"s:30:20:30:47":12,"b:32:4:34:5:undefined:undefined:undefined:undefined":1,"s:32:4:34:5":13,"s:33:6:33:34":14,"s:37:2:37:23":15,"f:47:9:47:27":1,"b:49:2:56:3:undefined:undefined:undefined:undefined":2,"s:49:2:56:3":16,"s:50:17:50:33":17,"b:52:4:54:5:undefined:undefined:undefined:undefined":3,"s:52:4:54:5":18,"s:53:6:53:18":19,"s:55:4:55:16":20,"b:59:2:75:3:undefined:undefined:undefined:undefined":4,"s:59:2:75:3":21,"s:60:20:60:46":22,"s:61:23:61:46":23,"s:64:21:64:23":24,"s:65:4:70:5":25,"s:65:17:65:18":26,"s:66:20:66:61":27,"b:67:6:69:7:undefined:undefined:undefined:undefined":5,"s:67:6:69:7":28,"s:68:8:68:29":29,"s:73:25:73:80":30,"s:74:4:74:24":31,"s:78:2:78:14":32,"f:87:9:87:26":2,"s:88:21:88:23":33,"b:90:2:95:3:undefined:undefined:undefined:undefined":6,"s:90:2:95:3":34,"s:91:4:94:5":35,"s:91:17:91:18":36,"s:92:19:92:37":37,"s:93:6:93:41":38,"s:97:2:97:20":39,"f:109:9:109:26":3,"s:110:16:110:38":40,"b:113:4:113:21:114:4:115:58:117:4:117:16:118:4:119:63:121:4:121:18:122:4:123:59:125:4:125:17:126:4:127:46:129:4:133:5:135:4:136:59:138:4:139:59:141:4:142:59:144:4:145:59:147:4:148:59:150:4:151:59:153:4:156:5:158:4:159:59:161:4:162:88:164:4:166:61":7,"s:112:2:167:3":41,"s:115:6:115:58":42,"s:119:6:119:63":43,"s:123:6:123:59":44,"s:127:6:127:46":45,"s:130:20:130:41":46,"b:130:20:130:36:130:40:130:41":8,"s:131:25:131:36":47,"s:132:6:132:65":48,"s:136:6:136:59":49,"s:139:6:139:59":50,"s:142:6:142:59":51,"s:145:6:145:59":52,"s:148:6:148:59":53,"s:151:6:151:59":54,"s:154:22:154:65":55,"b:154:54:154:58:154:61:154:65":9,"s:155:6:155:62":56,"s:159:6:159:59":57,"s:162:6:162:88":58,"s:166:6:166:61":59}}}
}
